d:\code\sample0\sample1\x64\debug\vc143.pdb
d:\code\sample0\sample1\x64\debug\vc143.idb
d:\code\sample0\sample1\x64\debug\main.obj
d:\code\sample0\sample1\x64\debug\gameobject.obj
d:\code\sample0\sample1\x64\debug\game.obj
d:\code\sample0\sample1\x64\debug\debug.obj
d:\code\sample0\x64\debug\d3dcompiler_43.dll
d:\code\sample0\x64\debug\d3dx9d_43.dll
d:\code\sample0\x64\debug\d3dx10d_43.dll
d:\code\sample0\x64\debug\d3dx11d_43.dll
d:\code\sample0\sample1\x64\debug\sample1.ilk
d:\code\sample0\x64\debug\sample1.exe
d:\code\sample0\x64\debug\sample1.pdb
d:\code\sample0\sample1\x64\debug\sample1.tlog\cl.command.1.tlog
d:\code\sample0\sample1\x64\debug\sample1.tlog\cl.items.tlog
d:\code\sample0\sample1\x64\debug\sample1.tlog\cl.read.1.tlog
d:\code\sample0\sample1\x64\debug\sample1.tlog\cl.write.1.tlog
d:\code\sample0\sample1\x64\debug\sample1.tlog\copylocal.read.1u.tlog
d:\code\sample0\sample1\x64\debug\sample1.tlog\copylocal.write.1u.tlog
d:\code\sample0\sample1\x64\debug\sample1.tlog\link.command.1.tlog
d:\code\sample0\sample1\x64\debug\sample1.tlog\link.read.1.tlog
d:\code\sample0\sample1\x64\debug\sample1.tlog\link.write.1.tlog
